Step: build-step-credential-initializer:

{"level":"warn","ts":1554111030.936304,"logger":"fallback-logger","caller":"logging/config.go:65","msg":"Fetch GitHub commit ID from kodata failed: \"ref: refs/heads/test\" is not a valid GitHub commit ID"}
{"level":"info","ts":1554111030.9367232,"logger":"fallback-logger","caller":"creds-init/main.go:40","msg":"Credentials initialized."}
Step: build-step-git-source-0:

{"level":"warn","ts":1554111032.0707333,"logger":"fallback-logger","caller":"logging/config.go:65","msg":"Fetch GitHub commit ID from kodata failed: \"ref: refs/heads/test\" is not a valid GitHub commit ID"}
{"level":"info","ts":1554111033.195909,"logger":"fallback-logger","caller":"git-init/main.go:92","msg":"Successfully cloned \"https://github.com/******/bdd-rh-1554108569.git\" @ \"master\" in path \"/workspace\""}
Step: build-step-jenkins:

Picked up _JAVA_OPTIONS: -Xmx400m
Started
Running in Durability level: PERFORMANCE_OPTIMIZED
  13.735 [id=29]	WARNING	i.f.k.c.i.VersionUsageUtils#alert: The client is using resource type 'customresourcedefinitions' with unstable version 'v1beta1'
[Pipeline] Start of Pipeline
[Pipeline] node
Running on Jenkins in /tmp/jenkinsTests.tmp/jenkins6900605155528857212test/workspace/job
[Pipeline] {
[Pipeline] stage
[Pipeline] { (Declarative: Checkout SCM)
[Pipeline] checkout
[Pipeline] }
[Pipeline] // stage
[Pipeline] withCredentials
[Pipeline] {
[Pipeline] withEnv
[Pipeline] {
[Pipeline] stage
[Pipeline] { (CI Build and push snapshot)
Stage "CI Build and push snapshot" skipped due to when conditional
[Pipeline] }
[Pipeline] // stage
[Pipeline] stage
[Pipeline] { (Build Release)
[Pipeline] git
 > git rev-parse --is-inside-work-tree # timeout=10
Fetching changes from the remote Git repository
 > git config remote.origin.url https://github.com/******/bdd-rh-1554108569.git # timeout=10
Fetching upstream changes from https://github.com/******/bdd-rh-1554108569.git
 > git --version # timeout=10
 > git fetch --tags --progress https://github.com/******/bdd-rh-1554108569.git +refs/heads/*:refs/remotes/origin/*
 > git rev-parse refs/remotes/origin/master^{commit} # timeout=10
 > git rev-parse refs/remotes/origin/origin/master^{commit} # timeout=10
Checking out Revision 65684216542750e4df22d4cd3ed5927a1a020be0 (refs/remotes/origin/master)
 > git config core.sparsecheckout # timeout=10
 > git checkout -f 65684216542750e4df22d4cd3ed5927a1a020be0
 > git branch -a -v --no-abbrev # timeout=10
 > git branch -D master # timeout=10
 > git checkout -b master 65684216542750e4df22d4cd3ed5927a1a020be0
Commit message: "Draft create"
First time build. Skipping changelog.
[Pipeline] sh
+ **-release-version
+ echo 0.0.1
[Pipeline] sh
+ cat VERSION
+ ** step tag --version 0.0.1
Tag v0.0.1 created and pushed to remote origin
[Pipeline] sh
+ rustup override set nightly
info: syncing channel updates for 'nightly-x86_64-unknown-linux-gnu'
info: latest update on 2019-04-01, rust version 1.35.0-nightly (e3428db7c 2019-03-31)
info: downloading component 'rustc'
info: downloading component 'rust-std'
info: downloading component 'cargo'
info: downloading component 'rust-docs'
info: installing component 'rustc'
info: installing component 'rust-std'
info: installing component 'cargo'
info: installing component 'rust-docs'
info: override toolchain for '/tmp/jenkinsTests.tmp/jenkins6900605155528857212test/workspace/job' set to 'nightly-x86_64-unknown-linux-gnu'

  nightly-x86_64-unknown-linux-gnu installed - rustc 1.35.0-nightly (e3428db7c 2019-03-31)

[Pipeline] sh
+ cargo install
warning: Using `cargo install` to install the binaries for the package in current working directory is deprecated, use `cargo install --path .` instead. Use `cargo build` if you want to simply build the package.
  Installing bdd-rh-1554108569 v0.1.0 (/tmp/jenkinsTests.tmp/jenkins6900605155528857212test/workspace/job)
    Updating crates.io index
error: failed to compile `bdd-rh-1554108569 v0.1.0 (/tmp/jenkinsTests.tmp/jenkins6900605155528857212test/workspace/job)`, intermediate artifacts can be found at `/tmp/jenkinsTests.tmp/jenkins6900605155528857212test/workspace/job/target`

Caused by:
  failed to select a version for the requirement `ring = "^0.11.0"`
  candidate versions found which didn't match: 0.14.6, 0.14.5, 0.14.4, ...
  location searched: crates.io index
required by package `cookie v0.9.1`
    ... which is depended on by `rocket v0.3.6`
    ... which is depended on by `bdd-rh-1554108569 v0.1.0 (/tmp/jenkinsTests.tmp/jenkins6900605155528857212test/workspace/job)`
[Pipeline] }
[Pipeline] // stage
[Pipeline] stage
[Pipeline] { (Promote to Environments)
Stage "Promote to Environments" skipped due to earlier failure(s)
[Pipeline] }
[Pipeline] // stage
[Pipeline] }
[Pipeline] // withEnv
[Pipeline] }
[Pipeline] // withCredentials
[Pipeline] }
[Pipeline] // node
[Pipeline] End of Pipeline
ERROR: script returned exit code 101
Finished: FAILURE
