Step: build-step-credential-initializer:

{"level":"warn","ts":1554109645.2064133,"logger":"fallback-logger","caller":"logging/config.go:65","msg":"Fetch GitHub commit ID from kodata failed: \"ref: refs/heads/test\" is not a valid GitHub commit ID"}
{"level":"info","ts":1554109645.2069952,"logger":"fallback-logger","caller":"creds-init/main.go:40","msg":"Credentials initialized."}
Step: build-step-git-source-0:

{"level":"warn","ts":1554109645.7333894,"logger":"fallback-logger","caller":"logging/config.go:65","msg":"Fetch GitHub commit ID from kodata failed: \"ref: refs/heads/test\" is not a valid GitHub commit ID"}
{"level":"info","ts":1554109646.8127844,"logger":"fallback-logger","caller":"git-init/main.go:92","msg":"Successfully cloned \"https://github.com/******/bdd-nh-1554108569.git\" @ \"0a78f19d1609e36d80d9a2db997d86358bd8c5ff\" in path \"/workspace\""}
Step: build-step-jenkins:

Picked up _JAVA_OPTIONS: -Xmx400m
Started
Running in Durability level: PERFORMANCE_OPTIMIZED
  13.869 [id=31]	WARNING	i.f.k.c.i.VersionUsageUtils#alert: The client is using resource type 'customresourcedefinitions' with unstable version 'v1beta1'
[Pipeline] Start of Pipeline
[Pipeline] node
Running on Jenkins in /tmp/jenkinsTests.tmp/jenkins5335338347279731621test/workspace/job
[Pipeline] {
[Pipeline] stage
[Pipeline] { (Declarative: Checkout SCM)
[Pipeline] checkout
[Pipeline] }
[Pipeline] // stage
[Pipeline] withCredentials
[Pipeline] {
[Pipeline] withEnv
[Pipeline] {
[Pipeline] stage
[Pipeline] { (CI Build and push snapshot)
[Pipeline] withEnv
[Pipeline] {
[Pipeline] sh
+ npm install
npm notice created a lockfile as package-lock.json. You should commit this file.
npm WARN REPLACE_ME@1.0.0 No repository field.
npm WARN REPLACE_ME@1.0.0 No license field.

up to date in 0.08s
[Pipeline] sh
+ CI=true DISPLAY=:99 npm test

> REPLACE_ME@1.0.0 test /tmp/jenkinsTests.tmp/jenkins5335338347279731621test/workspace/job
> echo "no test specified" && exit 0

no test specified
[Pipeline] sh
+ export VERSION=0.0.0-SNAPSHOT-PR-1-1
+ skaffold build -f skaffold.yaml
time="2019-04-01T09:07:50Z" level=warning msg="config version (skaffold/v1beta2) out of date: upgrading to latest (skaffold/v1beta6)"
Generating Tag for [changeme]...
Starting build...
Building [changeme]...
Sending build context to Docker daemon  94.21kB
Step 1/6 : FROM node:9-slim
 ---> e20bb4abe4ee
Step 2/6 : ENV PORT 8080
 ---> Using cache
 ---> 86134f6f1908
Step 3/6 : EXPOSE 8080
 ---> Using cache
 ---> a7c315684e3f
Step 4/6 : WORKDIR /usr/src/app
 ---> Using cache
 ---> b0e674cb091c
Step 5/6 : COPY . .
 ---> 8a0cb3b0a3fb
Step 6/6 : CMD npm start
 ---> Running in bb3646be3b12
 ---> cef15ff19e76
Successfully built cef15ff19e76
The push refers to a repository [10.31.240.243:5000/******/bdd-nh-1554108569]
3686822bf3a2: Preparing
6dd4366f0f46: Preparing
e16c226cf2a8: Preparing
7fd597d009e4: Preparing
7c6ab5fb7059: Preparing
ed271eac23e9: Preparing
156ff16f37e4: Preparing
ed271eac23e9: Waiting
156ff16f37e4: Waiting
7fd597d009e4: Layer already exists
e16c226cf2a8: Layer already exists
6dd4366f0f46: Layer already exists
ed271eac23e9: Layer already exists
7c6ab5fb7059: Layer already exists
156ff16f37e4: Layer already exists
3686822bf3a2: Pushed
0.0.0-SNAPSHOT-PR-1-1: digest: sha256:b6f64ed003efdb262cc89dd98e04646caf749aaefeb7ae6be0ed67ea88b447ca size: 1786
Build complete in 1.315173589s
Starting test...
Test complete in 7.88µs
changeme -> 10.31.240.243:5000/******/bdd-nh-1554108569:0.0.0-SNAPSHOT-PR-1-1@sha256:b6f64ed003efdb262cc89dd98e04646caf749aaefeb7ae6be0ed67ea88b447ca
There is a new version (0.26.0) of Skaffold available. Download it at https://storage.googleapis.com/skaffold/releases/latest/skaffold-linux-amd64

[Pipeline] sh
+ ** step post build --image 10.31.240.243:5000/******/bdd-nh-1554108569:0.0.0-SNAPSHOT-PR-1-1
[Pipeline] dir
Running in /tmp/jenkinsTests.tmp/jenkins5335338347279731621test/workspace/job/charts/preview
[Pipeline] {
[Pipeline] sh
+ make preview
sed -i -e "s/version:.*/version: 0.0.0-SNAPSHOT-PR-1-1/" Chart.yaml
sed -i -e "s/version:.*/version: 0.0.0-SNAPSHOT-PR-1-1/" ../*/Chart.yaml
sed -i -e "s|repository:.*|repository: 10.31.240.243:5000\/******\/bdd-nh-1554108569|" values.yaml
sed -i -e "s/tag:.*/tag: 0.0.0-SNAPSHOT-PR-1-1/" values.yaml
echo "  version: 0.0.0-SNAPSHOT-PR-1-1" >> requirements.yaml
** step helm build
No $CHART_REPOSITORY defined so using the default value of: http://jenkins-x-chartmuseum:8080
Adding missing Helm repo: jenkins-x http://chartmuseum.jenkins-x.io
Successfully added Helm repository jenkins-x.
Adding missing Helm repo: releases http://jenkins-x-chartmuseum:8080
Successfully added Helm repository releases.
[Pipeline] sh
+ ** preview --app bdd-nh-1554108569 --dir ../..
Creating a preview
Commit author email is empty for: 0a78f19d1609e36d80d9a2db997d86358bd8c5ff
Looking for commits in: /tmp/jenkinsTests.tmp/jenkins5335338347279731621test/workspace/job/
Created environment ******-bdd-nh-1554108569-pr-1
Namespace **-******-bdd-nh-1554108569-pr-1 created 
 expose:
  Annotations:
    helm.sh/hook: post-install,post-upgrade
    helm.sh/hook-delete-policy: hook-succeeded
  config:
    domain: 35.233.66.91.nip.io
    exposer: Ingress
    http: "true"
preview:
  image:
    repository: 10.31.240.243:5000/******/bdd-nh-1554108569
    tag: 0.0.0-SNAPSHOT-PR-1-1
Failed to update PipelineActivities ******-bdd-nh-1554108569-pr-1-1: the namespace of the object (**-******-bdd-nh-1554108569-pr-1) does not match the namespace on the request (**)
Preview application is now available at: http://bdd-nh-1554108569.**-******-bdd-nh-1554108569-pr-1.35.233.66.91.nip.io

[Pipeline] }
[Pipeline] // dir
[Pipeline] }
[Pipeline] // withEnv
[Pipeline] }
[Pipeline] // stage
[Pipeline] stage
[Pipeline] { (Build Release)
Stage "Build Release" skipped due to when conditional
[Pipeline] }
[Pipeline] // stage
[Pipeline] stage
[Pipeline] { (Promote to Environments)
Stage "Promote to Environments" skipped due to when conditional
[Pipeline] }
[Pipeline] // stage
[Pipeline] }
[Pipeline] // withEnv
[Pipeline] }
[Pipeline] // withCredentials
[Pipeline] }
[Pipeline] // node
[Pipeline] End of Pipeline
Finished: SUCCESS
