Step: build-step-credential-initializer:

{"level":"warn","ts":1554109153.7263365,"logger":"fallback-logger","caller":"logging/config.go:65","msg":"Fetch GitHub commit ID from kodata failed: \"ref: refs/heads/test\" is not a valid GitHub commit ID"}
{"level":"info","ts":1554109153.7268755,"logger":"fallback-logger","caller":"creds-init/main.go:40","msg":"Credentials initialized."}
Step: build-step-git-source-0:

{"level":"warn","ts":1554109154.431874,"logger":"fallback-logger","caller":"logging/config.go:65","msg":"Fetch GitHub commit ID from kodata failed: \"ref: refs/heads/test\" is not a valid GitHub commit ID"}
{"level":"info","ts":1554109155.8662448,"logger":"fallback-logger","caller":"git-init/main.go:92","msg":"Successfully cloned \"https://github.com/******/bdd-ph-1554108569.git\" @ \"master\" in path \"/workspace\""}
Step: build-step-jenkins:

Picked up _JAVA_OPTIONS: -Xmx400m
Started
Running in Durability level: PERFORMANCE_OPTIMIZED
  13.788 [id=32]	WARNING	i.f.k.c.i.VersionUsageUtils#alert: The client is using resource type 'customresourcedefinitions' with unstable version 'v1beta1'
[Pipeline] Start of Pipeline
[Pipeline] node
Running on Jenkins in /tmp/jenkinsTests.tmp/jenkins3542413180825515222test/workspace/job
[Pipeline] {
[Pipeline] stage
[Pipeline] { (Declarative: Checkout SCM)
[Pipeline] checkout
[Pipeline] }
[Pipeline] // stage
[Pipeline] withCredentials
[Pipeline] {
[Pipeline] withEnv
[Pipeline] {
[Pipeline] stage
[Pipeline] { (CI Build and push snapshot)
Stage "CI Build and push snapshot" skipped due to when conditional
[Pipeline] }
[Pipeline] // stage
[Pipeline] stage
[Pipeline] { (Build Release)
[Pipeline] git
 > git rev-parse --is-inside-work-tree # timeout=10
Fetching changes from the remote Git repository
 > git config remote.origin.url https://github.com/******/bdd-ph-1554108569.git # timeout=10
Fetching upstream changes from https://github.com/******/bdd-ph-1554108569.git
 > git --version # timeout=10
 > git fetch --tags --progress https://github.com/******/bdd-ph-1554108569.git +refs/heads/*:refs/remotes/origin/*
 > git rev-parse refs/remotes/origin/master^{commit} # timeout=10
 > git rev-parse refs/remotes/origin/origin/master^{commit} # timeout=10
Checking out Revision 2e0b0229eec6083c6d9a15599fd01fdea29c5645 (refs/remotes/origin/master)
 > git config core.sparsecheckout # timeout=10
 > git checkout -f 2e0b0229eec6083c6d9a15599fd01fdea29c5645
 > git branch -a -v --no-abbrev # timeout=10
 > git branch -D master # timeout=10
 > git checkout -b master 2e0b0229eec6083c6d9a15599fd01fdea29c5645
Commit message: "Draft create"
First time build. Skipping changelog.
[Pipeline] sh
+ **-release-version
+ echo 0.0.1
[Pipeline] sh
+ cat VERSION
+ ** step tag --version 0.0.1
Tag v0.0.1 created and pushed to remote origin
[Pipeline] sh
+ python -m unittest

----------------------------------------------------------------------
Ran 0 tests in 0.000s

OK
[Pipeline] sh
+ cat VERSION
+ export VERSION=0.0.1
+ skaffold build -f skaffold.yaml
time="2019-04-01T08:59:46Z" level=warning msg="config version (skaffold/v1beta2) out of date: upgrading to latest (skaffold/v1beta6)"
Generating Tag for [changeme]...
Starting build...
Building [changeme]...
Sending build context to Docker daemon  540.1kBSending build context to Docker daemon  543.7kB
Step 1/6 : FROM python:onbuild
[91m# Executing 3 build triggers...
[0mStep 1/1 : COPY requirements.txt /usr/src/app/
 ---> Using cache
Step 1/1 : RUN pip install --no-cache-dir -r requirements.txt
 ---> Using cache
Step 1/1 : COPY . /usr/src/app
 ---> 2d8983e27f8b
Step 2/6 : COPY requirements.txt .
 ---> 7528d5a3c3ab
Step 3/6 : ENV PORT 8080
 ---> Running in 4190ed198f8f
 ---> d8545f9b5383
Step 4/6 : EXPOSE 8080
 ---> Running in 2e293761d5a8
 ---> c034ad8583ce
Step 5/6 : ENTRYPOINT python
 ---> Running in ca7024b406ae
 ---> 37ffe5944462
Step 6/6 : CMD app.py
 ---> Running in 82e16ae2dd10
 ---> be89137a3345
Successfully built be89137a3345
The push refers to a repository [10.31.240.243:5000/******/bdd-ph-1554108569]
584c689fbeb3: Preparing
cad2f25ea4e8: Preparing
c19af5443f7e: Preparing
f76e5ccce296: Preparing
29778035860f: Preparing
fc88d2431f4d: Preparing
1dc1b82fa010: Preparing
09e3fd9cf357: Preparing
138d1921c15b: Preparing
d714f65bc280: Preparing
fd6060e25706: Preparing
d7ed640784f1: Preparing
1618a71a1198: Preparing
fc88d2431f4d: Waiting
1dc1b82fa010: Waiting
09e3fd9cf357: Waiting
138d1921c15b: Waiting
d714f65bc280: Waiting
fd6060e25706: Waiting
d7ed640784f1: Waiting
1618a71a1198: Waiting
29778035860f: Pushed
f76e5ccce296: Pushed
584c689fbeb3: Pushed
cad2f25ea4e8: Pushed
1dc1b82fa010: Pushed
c19af5443f7e: Pushed
fc88d2431f4d: Pushed
138d1921c15b: Pushed
d7ed640784f1: Pushed
09e3fd9cf357: Pushed
fd6060e25706: Pushed
1618a71a1198: Pushed
d714f65bc280: Pushed
0.0.1: digest: sha256:33d17ce7304980dd81702197268c7d2901cf6cf93856ad814a27cd6d213268c9 size: 3049
Build complete in 28.670468676s
Starting test...
Test complete in 6.87µs
changeme -> 10.31.240.243:5000/******/bdd-ph-1554108569:0.0.1@sha256:33d17ce7304980dd81702197268c7d2901cf6cf93856ad814a27cd6d213268c9
There is a new version (0.26.0) of Skaffold available. Download it at https://storage.googleapis.com/skaffold/releases/latest/skaffold-linux-amd64

[Pipeline] sh
+ cat VERSION
+ ** step post build --image 10.31.240.243:5000/******/bdd-ph-1554108569:0.0.1
[Pipeline] }
[Pipeline] // stage
[Pipeline] stage
[Pipeline] { (Promote to Environments)
[Pipeline] dir
Running in /tmp/jenkinsTests.tmp/jenkins3542413180825515222test/workspace/job/charts/bdd-ph-1554108569
[Pipeline] {
[Pipeline] sh
+ cat ../../VERSION
+ ** step changelog --version v0.0.1
Using batch mode as inside a pipeline
Converted /tmp/jenkinsTests.tmp/jenkins3542413180825515222test/workspace/job/charts/bdd-ph-1554108569 to an unshallow repository
Generating change log from git ref 2e0b0229eec6083c6d9a15599fd01fdea29c5645 => 9d8bc613b4557f9575cc4dc1195d65706d417bce
Failed to enrich commits with issues: User.jenkins.io "" is invalid: metadata.name: Required value: name or generateName is required
Failed to enrich commits with issues: User.jenkins.io "" is invalid: metadata.name: Required value: name or generateName is required
Finding issues in commit messages using git format
No release found for ******/bdd-ph-1554108569 and tag v0.0.1 so creating a new release
Updated the release information at https://github.com/******/bdd-ph-1554108569/releases/tag/v0.0.1
generated: /tmp/jenkinsTests.tmp/jenkins3542413180825515222test/workspace/job/charts/bdd-ph-1554108569/templates/release.yaml
Created Release bdd-ph-1554108569-0-0-1 resource in namespace **
Updating PipelineActivity ******-bdd-ph-1554108569-master-1 with version 0.0.1
Updated PipelineActivities ******-bdd-ph-1554108569-master-1 with release notes URL: https://github.com/******/bdd-ph-1554108569/releases/tag/v0.0.1
[Pipeline] sh
+ ** step helm release
No $CHART_REPOSITORY defined so using the default value of: http://jenkins-x-chartmuseum:8080
Adding missing Helm repo: jenkins-x http://chartmuseum.jenkins-x.io
Successfully added Helm repository jenkins-x.
Adding missing Helm repo: releases http://jenkins-x-chartmuseum:8080
Successfully added Helm repository releases.
No $CHART_REPOSITORY defined so using the default value of: http://jenkins-x-chartmuseum:8080
Uploading chart file bdd-ph-1554108569-0.0.1.tgz to http://jenkins-x-chartmuseum:8080/api/charts
Received 201 response: {"saved":true}
[Pipeline] sh
+ cat ../../VERSION
+ ** promote -b --all-auto --timeout 1h --version 0.0.1
prow based install so skip waiting for the merge of Pull Requests to go green as currently there is an issue with gettingstatuses from the PR, see https://github.com/jenkins-x/**/issues/2410
Promoting app bdd-ph-1554108569 version 0.0.1 to namespace **-staging
Created Pull Request: https://github.com/******/environment-maskflint-staging/pull/2

Pull Request https://github.com/******/environment-maskflint-staging/pull/2 is merged at sha 38de180e84ce366eccec82cb5ddac91525ff4f42
Pull Request merged but we are not waiting for the update pipeline to complete!
Could not find the service URL in namespace **-staging for names bdd-ph-1554108569, **-bdd-ph-1554108569, **-staging-bdd-ph-1554108569
[Pipeline] }
[Pipeline] // dir
[Pipeline] }
[Pipeline] // stage
[Pipeline] }
[Pipeline] // withEnv
[Pipeline] }
[Pipeline] // withCredentials
[Pipeline] }
[Pipeline] // node
[Pipeline] End of Pipeline
Finished: SUCCESS
